app/manifest-merger-debug-report.txt
-- Merging decision tree log ---
manifest
ADDED from AndroidManifest.xml:2:1
	package
		ADDED from AndroidManifest.xml:3:5
		INJECTED from AndroidManifest.xml:0:0
		INJECTED from AndroidManifest.xml:0:0
	android:versionName
		ADDED from AndroidManifest.xml:5:5
	android:versionCode
		ADDED from AndroidManifest.xml:4:5
		INJECTED from AndroidManifest.xml:0:0
		INJECTED from AndroidManifest.xml:0:0
	xmlns:android
		ADDED from AndroidManifest.xml:2:11
uses-sdk
ADDED from AndroidManifest.xml:7:5
MERGED from com.crashlytics.sdk.android:crashlytics:2.2.1:7:5
MERGED from com.crashlytics.sdk.android:answers:1.1.1:7:5
MERGED from io.fabric.sdk.android:fabric:1.1.1:7:5
MERGED from io.fabric.sdk.android:fabric:1.1.1:7:5
MERGED from com.crashlytics.sdk.android:beta:1.1.1:7:5
MERGED from io.fabric.sdk.android:fabric:1.1.1:7:5
MERGED from com.android.support:support-v4:21.0.3:15:5
MERGED from com.android.support:appcompat-v7:21.0.3:15:5
MERGED from com.android.support:support-v4:21.0.3:15:5
MERGED from com.google.android.gms:play-services:6.1.71:15:5
MERGED from com.android.support:support-v4:21.0.3:15:5
MERGED from com.facebook.android:facebook-android-sdk:3.23.0:20:5
MERGED from com.android.support:support-v4:21.0.3:15:5
MERGED from com.braintreepayments.api:braintree:1.3.0:8:5
MERGED from com.braintreepayments:card-form:1.3.0:8:5
	android:targetSdkVersion
		ADDED from AndroidManifest.xml:9:9
		INJECTED from AndroidManifest.xml:0:0
		INJECTED from AndroidManifest.xml:0:0
	android:minSdkVersion
		ADDED from AndroidManifest.xml:8:9
		INJECTED from AndroidManifest.xml:0:0
		INJECTED from AndroidManifest.xml:0:0
uses-permission#android.permission.ACCESS_NETWORK_STATE
ADDED from AndroidManifest.xml:11:5
MERGED from com.braintreepayments.api:braintree:1.3.0:12:5
	android:name
		ADDED from AndroidManifest.xml:11:22
uses-permission#android.permission.CHANGE_NETWORK_STATE
ADDED from AndroidManifest.xml:12:5
	android:name
		ADDED from AndroidManifest.xml:12:22
uses-permission#android.permission.INTERNET
ADDED from AndroidManifest.xml:13:5
MERGED from com.crashlytics.sdk.android:crashlytics:2.2.1:9:5
MERGED from com.braintreepayments.api:braintree:1.3.0:13:5
	android:name
		ADDED from AndroidManifest.xml:13:22
uses-permission#com.google.android.providers.gsf.permission.READ_GSERVICES
ADDED from AndroidManifest.xml:14:5
	android:name
		ADDED from AndroidManifest.xml:14:22
uses-permission#android.permission.WRITE_EXTERNAL_STORAGE
ADDED from AndroidManifest.xml:16:5
	android:name
		ADDED from AndroidManifest.xml:16:22
uses-permission#android.permission.ACCESS_FINE_LOCATION
ADDED from AndroidManifest.xml:18:5
	android:name
		ADDED from AndroidManifest.xml:18:22
uses-permission#android.permission.GET_ACCOUNTS
ADDED from AndroidManifest.xml:20:5
	android:name
		ADDED from AndroidManifest.xml:20:22
uses-feature#0x00020000
ADDED from AndroidManifest.xml:22:5
	android:glEsVersion
		ADDED from AndroidManifest.xml:23:9
	android:required
		ADDED from AndroidManifest.xml:24:9
application
ADDED from AndroidManifest.xml:26:5
MERGED from com.crashlytics.sdk.android:crashlytics:2.2.1:11:5
MERGED from com.crashlytics.sdk.android:answers:1.1.1:9:5
MERGED from io.fabric.sdk.android:fabric:1.1.1:9:5
MERGED from io.fabric.sdk.android:fabric:1.1.1:9:5
MERGED from com.crashlytics.sdk.android:beta:1.1.1:9:5
MERGED from io.fabric.sdk.android:fabric:1.1.1:9:5
MERGED from com.android.support:support-v4:21.0.3:16:5
MERGED from com.android.support:appcompat-v7:21.0.3:16:5
MERGED from com.android.support:support-v4:21.0.3:16:5
MERGED from com.google.android.gms:play-services:6.1.71:16:5
MERGED from com.android.support:support-v4:21.0.3:16:5
MERGED from com.facebook.android:facebook-android-sdk:3.23.0:24:5
MERGED from com.android.support:support-v4:21.0.3:16:5
MERGED from com.braintreepayments.api:braintree:1.3.0:15:5
	android:label
		ADDED from AndroidManifest.xml:30:9
	android:supportsRtl
		ADDED from com.braintreepayments.api:braintree:1.3.0:16:9
	tools:ignore
		ADDED from com.braintreepayments.api:braintree:1.3.0:17:9
	android:allowBackup
		ADDED from AndroidManifest.xml:28:9
	android:icon
		ADDED from AndroidManifest.xml:29:9
	android:theme
		ADDED from AndroidManifest.xml:31:9
	android:name
		ADDED from AndroidManifest.xml:27:9
activity#com.han.xpatpub.activity.SplashActivity
ADDED from AndroidManifest.xml:33:9
	android:screenOrientation
		ADDED from AndroidManifest.xml:36:13
	android:label
		ADDED from AndroidManifest.xml:35:13
	android:name
		ADDED from AndroidManifest.xml:34:13
intent-filter#android.intent.action.MAIN+android.intent.category.LAUNCHER
ADDED from AndroidManifest.xml:37:13
action#android.intent.action.MAIN
ADDED from AndroidManifest.xml:38:17
	android:name
		ADDED from AndroidManifest.xml:38:25
category#android.intent.category.LAUNCHER
ADDED from AndroidManifest.xml:40:17
	android:name
		ADDED from AndroidManifest.xml:40:27
activity#com.han.xpatpub.activity.LoginActivity
ADDED from AndroidManifest.xml:43:9
	android:screenOrientation
		ADDED from AndroidManifest.xml:45:13
	android:name
		ADDED from AndroidManifest.xml:44:13
activity#com.han.xpatpub.activity.ResultActivity
ADDED from AndroidManifest.xml:47:9
	android:screenOrientation
		ADDED from AndroidManifest.xml:49:13
	android:name
		ADDED from AndroidManifest.xml:48:13
activity#com.han.xpatpub.activity.SearchActivity
ADDED from AndroidManifest.xml:51:9
	android:screenOrientation
		ADDED from AndroidManifest.xml:53:13
	android:name
		ADDED from AndroidManifest.xml:52:13
activity#com.han.xpatpub.activity.AddPubActivity
ADDED from AndroidManifest.xml:55:9
	android:screenOrientation
		ADDED from AndroidManifest.xml:57:13
	android:name
		ADDED from AndroidManifest.xml:56:13
activity#com.han.xpatpub.activity.PubInfoActivity
ADDED from AndroidManifest.xml:59:9
	android:screenOrientation
		ADDED from AndroidManifest.xml:61:13
	android:name
		ADDED from AndroidManifest.xml:60:13
activity#com.han.xpatpub.activity.ReviewActivity
ADDED from AndroidManifest.xml:63:9
	android:screenOrientation
		ADDED from AndroidManifest.xml:65:13
	android:name
		ADDED from AndroidManifest.xml:64:13
activity#com.han.xpatpub.activity.SettingActivity
ADDED from AndroidManifest.xml:67:9
	android:screenOrientation
		ADDED from AndroidManifest.xml:69:13
	android:name
		ADDED from AndroidManifest.xml:68:13
activity#com.han.xpatpub.activity.SearchPatronActivity
ADDED from AndroidManifest.xml:71:9
	android:screenOrientation
		ADDED from AndroidManifest.xml:73:13
	android:name
		ADDED from AndroidManifest.xml:72:13
activity#com.han.xpatpub.activity.CouponActivity
ADDED from AndroidManifest.xml:75:9
	android:screenOrientation
		ADDED from AndroidManifest.xml:77:13
	android:name
		ADDED from AndroidManifest.xml:76:13
activity#com.han.xpatpub.activity.InboxActivity
ADDED from AndroidManifest.xml:79:9
	android:screenOrientation
		ADDED from AndroidManifest.xml:81:13
	android:name
		ADDED from AndroidManifest.xml:80:13
activity#com.han.xpatpub.activity.MessageActivity
ADDED from AndroidManifest.xml:83:9
	android:screenOrientation
		ADDED from AndroidManifest.xml:85:13
	android:name
		ADDED from AndroidManifest.xml:84:13
activity#com.han.xpatpub.activity.PubPatronActivity
ADDED from AndroidManifest.xml:87:9
	android:screenOrientation
		ADDED from AndroidManifest.xml:89:13
	android:name
		ADDED from AndroidManifest.xml:88:13
activity#com.han.xpatpub.activity.PubOwnerActivity
ADDED from AndroidManifest.xml:91:9
	android:screenOrientation
		ADDED from AndroidManifest.xml:93:13
	android:name
		ADDED from AndroidManifest.xml:92:13
activity#com.han.xpatpub.activity.FeatureActivity
ADDED from AndroidManifest.xml:95:9
	android:screenOrientation
		ADDED from AndroidManifest.xml:97:13
	android:name
		ADDED from AndroidManifest.xml:96:13
activity#com.facebook.LoginActivity
ADDED from AndroidManifest.xml:99:9
	android:screenOrientation
		ADDED from AndroidManifest.xml:101:13
	android:name
		ADDED from AndroidManifest.xml:100:13
activity#com.braintreepayments.api.dropin.BraintreePaymentActivity
ADDED from AndroidManifest.xml:103:9
MERGED from com.braintreepayments.api:braintree:1.3.0:18:9
	android:name
		ADDED from AndroidManifest.xml:104:13
service#com.paypal.android.sdk.payments.PayPalService
ADDED from AndroidManifest.xml:107:9
MERGED from com.braintreepayments.api:braintree:1.3.0:27:9
	android:exported
		ADDED from AndroidManifest.xml:109:13
	android:name
		ADDED from AndroidManifest.xml:108:13
meta-data#com.facebook.sdk.ApplicationId
ADDED from AndroidManifest.xml:111:9
	android:value
		ADDED from AndroidManifest.xml:113:13
	android:name
		ADDED from AndroidManifest.xml:112:13
meta-data#com.google.android.maps.v2.API_KEY
ADDED from AndroidManifest.xml:114:9
	android:value
		ADDED from AndroidManifest.xml:116:13
	android:name
		ADDED from AndroidManifest.xml:115:13
meta-data#com.google.android.gms.version
ADDED from AndroidManifest.xml:117:9
	android:value
		ADDED from AndroidManifest.xml:119:13
	android:name
		ADDED from AndroidManifest.xml:118:13
service#com.han.xpatpub.app.SyncService
ADDED from AndroidManifest.xml:121:9
	android:label
		ADDED from AndroidManifest.xml:123:5
	android:name
		ADDED from AndroidManifest.xml:122:5
meta-data#com.crashlytics.ApiKey
ADDED from AndroidManifest.xml:124:9
	android:value
		ADDED from AndroidManifest.xml:126:13
	android:name
		ADDED from AndroidManifest.xml:125:13
activity#com.paypal.android.sdk.payments.PayPalProfileSharingActivity
ADDED from com.braintreepayments.api:braintree:1.3.0:19:9
	android:name
		ADDED from com.braintreepayments.api:braintree:1.3.0:19:19
activity#com.paypal.android.sdk.payments.ProfileSharingConsentActivity
ADDED from com.braintreepayments.api:braintree:1.3.0:20:9
	android:name
		ADDED from com.braintreepayments.api:braintree:1.3.0:20:19
activity#com.paypal.android.sdk.payments.FuturePaymentInfoActivity
ADDED from com.braintreepayments.api:braintree:1.3.0:21:9
	android:name
		ADDED from com.braintreepayments.api:braintree:1.3.0:21:19
activity#com.paypal.android.sdk.payments.LoginActivity
ADDED from com.braintreepayments.api:braintree:1.3.0:22:9
	android:name
		ADDED from com.braintreepayments.api:braintree:1.3.0:22:19
activity#com.paypal.android.sdk.payments.PayPalTouchActivity
ADDED from com.braintreepayments.api:braintree:1.3.0:23:9
	android:theme
		ADDED from com.braintreepayments.api:braintree:1.3.0:25:13
	android:name
		ADDED from com.braintreepayments.api:braintree:1.3.0:24:13